C:\Program Files\Microsoft Visual Studio\2022\Community\MSBuild\Microsoft\VC\v170\Microsoft.CppBuild.targets(534,5): warning MSB8028: The intermediate directory (x64\Debug\) contains files shared from another project (mirror tr alone.vcxproj).  This can lead to incorrect clean and rebuild behavior.
  mirror tr alone.cpp
D:\mirror tr alone\mirror tr alone\mirror tr alone.cpp(190,24): warning C4804: '-': unsafe use of type 'bool' in operation
D:\mirror tr alone\mirror tr alone\mirror tr alone.cpp(287,28): warning C4305: 'argument': truncation from 'double' to 'float'
D:\mirror tr alone\mirror tr alone\mirror tr alone.cpp(287,22): warning C4305: 'argument': truncation from 'double' to 'float'
D:\mirror tr alone\mirror tr alone\mirror tr alone.cpp(288,27): warning C4305: 'argument': truncation from 'double' to 'float'
D:\mirror tr alone\mirror tr alone\mirror tr alone.cpp(288,21): warning C4305: 'argument': truncation from 'double' to 'float'
D:\mirror tr alone\mirror tr alone\mirror tr alone.cpp(289,22): warning C4305: 'argument': truncation from 'double' to 'float'
D:\mirror tr alone\mirror tr alone\mirror tr alone.cpp(289,17): warning C4305: 'argument': truncation from 'double' to 'float'
D:\mirror tr alone\mirror tr alone\mirror tr alone.cpp(311,47): warning C4305: 'argument': truncation from 'int' to 'sf::Uint8'
D:\mirror tr alone\mirror tr alone\mirror tr alone.cpp(311,47): warning C4309: 'argument': truncation of constant value
D:\mirror tr alone\mirror tr alone\mirror tr alone.cpp(319,38): warning C4305: 'argument': truncation from 'double' to 'T'
D:\mirror tr alone\mirror tr alone\mirror tr alone.cpp(319,38): warning C4305:         with
D:\mirror tr alone\mirror tr alone\mirror tr alone.cpp(319,38): warning C4305:         [
D:\mirror tr alone\mirror tr alone\mirror tr alone.cpp(319,38): warning C4305:             T=float
D:\mirror tr alone\mirror tr alone\mirror tr alone.cpp(319,38): warning C4305:         ]
D:\mirror tr alone\mirror tr alone\mirror tr alone.cpp(319,32): warning C4305: 'argument': truncation from 'double' to 'T'
D:\mirror tr alone\mirror tr alone\mirror tr alone.cpp(319,32): warning C4305:         with
D:\mirror tr alone\mirror tr alone\mirror tr alone.cpp(319,32): warning C4305:         [
D:\mirror tr alone\mirror tr alone\mirror tr alone.cpp(319,32): warning C4305:             T=float
D:\mirror tr alone\mirror tr alone\mirror tr alone.cpp(319,32): warning C4305:         ]
D:\mirror tr alone\mirror tr alone\mirror tr alone.cpp(323,46): warning C4244: 'argument': conversion from 'double' to 'T', possible loss of data
D:\mirror tr alone\mirror tr alone\mirror tr alone.cpp(323,46): warning C4244:         with
D:\mirror tr alone\mirror tr alone\mirror tr alone.cpp(323,46): warning C4244:         [
D:\mirror tr alone\mirror tr alone\mirror tr alone.cpp(323,46): warning C4244:             T=float
D:\mirror tr alone\mirror tr alone\mirror tr alone.cpp(323,46): warning C4244:         ]
D:\mirror tr alone\mirror tr alone\mirror tr alone.cpp(323,28): warning C4244: 'argument': conversion from 'double' to 'T', possible loss of data
D:\mirror tr alone\mirror tr alone\mirror tr alone.cpp(323,28): warning C4244:         with
D:\mirror tr alone\mirror tr alone\mirror tr alone.cpp(323,28): warning C4244:         [
D:\mirror tr alone\mirror tr alone\mirror tr alone.cpp(323,28): warning C4244:             T=float
D:\mirror tr alone\mirror tr alone\mirror tr alone.cpp(323,28): warning C4244:         ]
D:\mirror tr alone\mirror tr alone\mirror tr alone.cpp(561,31): warning C4244: '=': conversion from 'float' to 'int', possible loss of data
D:\mirror tr alone\mirror tr alone\mirror tr alone.cpp(562,31): warning C4244: '=': conversion from 'float' to 'int', possible loss of data
  piece.cpp
  Generating Code...
D:\mirror tr alone\mirror tr alone\mirror tr alone.cpp(565,1): warning C4715: 'getCellIndex': not all control paths return a value
mirror tr alone.obj : error LNK2019: unresolved external symbol "__declspec(dllimport) public: __cdecl sf::String::String(char const *,class std::locale const &)" (__imp_??0String@sf@@QEAA@PEBDAEBVlocale@std@@@Z) referenced in function "void __cdecl `dynamic initializer for 'window''(void)" (??__Ewindow@@YAXXZ)
mirror tr alone.obj : error LNK2019: unresolved external symbol "__declspec(dllimport) public: __cdecl sf::String::~String(void)" (__imp_??1String@sf@@QEAA@XZ) referenced in function "void __cdecl `dynamic initializer for 'window''(void)" (??__Ewindow@@YAXXZ)
mirror tr alone.obj : error LNK2019: unresolved external symbol "__declspec(dllimport) public: static class sf::Vector2<int> __cdecl sf::Mouse::getPosition(class sf::WindowBase const &)" (__imp_?getPosition@Mouse@sf@@SA?AV?$Vector2@H@2@AEBVWindowBase@2@@Z) referenced in function main
mirror tr alone.obj : error LNK2019: unresolved external symbol "__declspec(dllimport) public: __cdecl sf::VideoMode::VideoMode(unsigned int,unsigned int,unsigned int)" (__imp_??0VideoMode@sf@@QEAA@III@Z) referenced in function "void __cdecl `dynamic initializer for 'window''(void)" (??__Ewindow@@YAXXZ)
mirror tr alone.obj : error LNK2019: unresolved external symbol "__declspec(dllimport) public: bool __cdecl sf::WindowBase::isOpen(void)const " (__imp_?isOpen@WindowBase@sf@@QEBA_NXZ) referenced in function main
mirror tr alone.obj : error LNK2019: unresolved external symbol "__declspec(dllimport) public: bool __cdecl sf::WindowBase::pollEvent(class sf::Event &)" (__imp_?pollEvent@WindowBase@sf@@QEAA_NAEAVEvent@2@@Z) referenced in function main
mirror tr alone.obj : error LNK2019: unresolved external symbol "__declspec(dllimport) public: virtual void __cdecl sf::Window::close(void)" (__imp_?close@Window@sf@@UEAAXXZ) referenced in function main
mirror tr alone.obj : error LNK2019: unresolved external symbol "__declspec(dllimport) public: void __cdecl sf::Window::display(void)" (__imp_?display@Window@sf@@QEAAXXZ) referenced in function main
mirror tr alone.obj : error LNK2019: unresolved external symbol "__declspec(dllimport) public: void __cdecl sf::Transformable::setPosition(float,float)" (__imp_?setPosition@Transformable@sf@@QEAAXMM@Z) referenced in function "void __cdecl start(void)" (?start@@YAXXZ)
mirror tr alone.obj : error LNK2019: unresolved external symbol "__declspec(dllimport) public: void __cdecl sf::Transformable::setPosition(class sf::Vector2<float> const &)" (__imp_?setPosition@Transformable@sf@@QEAAXAEBV?$Vector2@M@2@@Z) referenced in function "void __cdecl setpiecepos(void)" (?setpiecepos@@YAXXZ)
mirror tr alone.obj : error LNK2019: unresolved external symbol "__declspec(dllimport) public: void __cdecl sf::Transformable::setRotation(float)" (__imp_?setRotation@Transformable@sf@@QEAAXM@Z) referenced in function "void __cdecl setrotatecollider(void)" (?setrotatecollider@@YAXXZ)
piece.obj : error LNK2001: unresolved external symbol "__declspec(dllimport) public: void __cdecl sf::Transformable::setRotation(float)" (__imp_?setRotation@Transformable@sf@@QEAAXM@Z)
mirror tr alone.obj : error LNK2019: unresolved external symbol "__declspec(dllimport) public: void __cdecl sf::Transformable::setScale(float,float)" (__imp_?setScale@Transformable@sf@@QEAAXMM@Z) referenced in function "void __cdecl start(void)" (?start@@YAXXZ)
piece.obj : error LNK2001: unresolved external symbol "__declspec(dllimport) public: void __cdecl sf::Transformable::setScale(float,float)" (__imp_?setScale@Transformable@sf@@QEAAXMM@Z)
mirror tr alone.obj : error LNK2019: unresolved external symbol "__declspec(dllimport) public: void __cdecl sf::Transformable::setOrigin(float,float)" (__imp_?setOrigin@Transformable@sf@@QEAAXMM@Z) referenced in function "void __cdecl setorigincollider(void)" (?setorigincollider@@YAXXZ)
piece.obj : error LNK2001: unresolved external symbol "__declspec(dllimport) public: void __cdecl sf::Transformable::setOrigin(float,float)" (__imp_?setOrigin@Transformable@sf@@QEAAXMM@Z)
mirror tr alone.obj : error LNK2019: unresolved external symbol "__declspec(dllimport) public: class sf::Vector2<float> const & __cdecl sf::Transformable::getPosition(void)const " (__imp_?getPosition@Transformable@sf@@QEBAAEBV?$Vector2@M@2@XZ) referenced in function "void __cdecl setposcollider(void)" (?setposcollider@@YAXXZ)
mirror tr alone.obj : error LNK2019: unresolved external symbol "__declspec(dllimport) public: void __cdecl sf::Transformable::rotate(float)" (__imp_?rotate@Transformable@sf@@QEAAXM@Z) referenced in function "void __cdecl rotationc(class sf::RectangleShape)" (?rotationc@@YAXVRectangleShape@sf@@@Z)
piece.obj : error LNK2001: unresolved external symbol "__declspec(dllimport) public: void __cdecl sf::Transformable::rotate(float)" (__imp_?rotate@Transformable@sf@@QEAAXM@Z)
mirror tr alone.obj : error LNK2019: unresolved external symbol "__declspec(dllimport) public: __cdecl sf::Color::Color(unsigned char,unsigned char,unsigned char,unsigned char)" (__imp_??0Color@sf@@QEAA@EEEE@Z) referenced in function "void __cdecl `dynamic initializer for 'backgroundcolor''(void)" (??__Ebackgroundcolor@@YAXXZ)
mirror tr alone.obj : error LNK2019: unresolved external symbol "__declspec(dllimport) public: void __cdecl sf::Shape::setFillColor(class sf::Color const &)" (__imp_?setFillColor@Shape@sf@@QEAAXAEBVColor@2@@Z) referenced in function "void __cdecl index(class sf::Vector2<int>)" (?index@@YAXV?$Vector2@H@sf@@@Z)
mirror tr alone.obj : error LNK2019: unresolved external symbol "__declspec(dllimport) public: void __cdecl sf::Shape::setOutlineColor(class sf::Color const &)" (__imp_?setOutlineColor@Shape@sf@@QEAAXAEBVColor@2@@Z) referenced in function "void __cdecl start(void)" (?start@@YAXXZ)
mirror tr alone.obj : error LNK2019: unresolved external symbol "__declspec(dllimport) public: void __cdecl sf::Shape::setOutlineThickness(float)" (__imp_?setOutlineThickness@Shape@sf@@QEAAXM@Z) referenced in function "void __cdecl start(void)" (?start@@YAXXZ)
mirror tr alone.obj : error LNK2019: unresolved external symbol "__declspec(dllimport) public: class sf::Rect<float> __cdecl sf::Shape::getLocalBounds(void)const " (__imp_?getLocalBounds@Shape@sf@@QEBA?AV?$Rect@M@2@XZ) referenced in function "void __cdecl setorigincollider(void)" (?setorigincollider@@YAXXZ)
mirror tr alone.obj : error LNK2019: unresolved external symbol "__declspec(dllimport) public: __cdecl sf::Texture::Texture(void)" (__imp_??0Texture@sf@@QEAA@XZ) referenced in function "void __cdecl `dynamic initializer for 'Blue''(void)" (??__EBlue@@YAXXZ)
piece.obj : error LNK2001: unresolved external symbol "__declspec(dllimport) public: __cdecl sf::Texture::Texture(void)" (__imp_??0Texture@sf@@QEAA@XZ)
mirror tr alone.obj : error LNK2019: unresolved external symbol "__declspec(dllimport) public: __cdecl sf::Texture::~Texture(void)" (__imp_??1Texture@sf@@QEAA@XZ) referenced in function "void __cdecl `dynamic atexit destructor for 'Blue''(void)" (??__FBlue@@YAXXZ)
piece.obj : error LNK2001: unresolved external symbol "__declspec(dllimport) public: __cdecl sf::Texture::~Texture(void)" (__imp_??1Texture@sf@@QEAA@XZ)
mirror tr alone.obj : error LNK2019: unresolved external symbol "__declspec(dllimport) public: bool __cdecl sf::Texture::loadFromFile(class std::basic_string<char,struct std::char_traits<char>,class std::allocator<char> > const &,class sf::Rect<int> const &)" (__imp_?loadFromFile@Texture@sf@@QEAA_NAEBV?$basic_string@DU?$char_traits@D@std@@V?$allocator@D@2@@std@@AEBV?$Rect@H@2@@Z) referenced in function "void __cdecl start(void)" (?start@@YAXXZ)
piece.obj : error LNK2001: unresolved external symbol "__declspec(dllimport) public: bool __cdecl sf::Texture::loadFromFile(class std::basic_string<char,struct std::char_traits<char>,class std::allocator<char> > const &,class sf::Rect<int> const &)" (__imp_?loadFromFile@Texture@sf@@QEAA_NAEBV?$basic_string@DU?$char_traits@D@std@@V?$allocator@D@2@@std@@AEBV?$Rect@H@2@@Z)
mirror tr alone.obj : error LNK2019: unresolved external symbol "__declspec(dllimport) public: __cdecl sf::Font::Font(void)" (__imp_??0Font@sf@@QEAA@XZ) referenced in function "void __cdecl `dynamic initializer for 'font''(void)" (??__Efont@@YAXXZ)
mirror tr alone.obj : error LNK2019: unresolved external symbol "__declspec(dllimport) public: __cdecl sf::Font::~Font(void)" (__imp_??1Font@sf@@QEAA@XZ) referenced in function "void __cdecl `dynamic atexit destructor for 'font''(void)" (??__Ffont@@YAXXZ)
mirror tr alone.obj : error LNK2019: unresolved external symbol "__declspec(dllimport) public: bool __cdecl sf::Font::loadFromFile(class std::basic_string<char,struct std::char_traits<char>,class std::allocator<char> > const &)" (__imp_?loadFromFile@Font@sf@@QEAA_NAEBV?$basic_string@DU?$char_traits@D@std@@V?$allocator@D@2@@std@@@Z) referenced in function "void __cdecl start(void)" (?start@@YAXXZ)
mirror tr alone.obj : error LNK2019: unresolved external symbol "__declspec(dllimport) public: __cdecl sf::RectangleShape::RectangleShape(class sf::Vector2<float> const &)" (__imp_??0RectangleShape@sf@@QEAA@AEBV?$Vector2@M@1@@Z) referenced in function "void __cdecl `dynamic initializer for 'KillsBoard''(void)" (??__EKillsBoard@@YAXXZ)
mirror tr alone.obj : error LNK2019: unresolved external symbol "__declspec(dllimport) public: void __cdecl sf::RectangleShape::setSize(class sf::Vector2<float> const &)" (__imp_?setSize@RectangleShape@sf@@QEAAXAEBV?$Vector2@M@2@@Z) referenced in function "void __cdecl start(void)" (?start@@YAXXZ)
mirror tr alone.obj : error LNK2019: unresolved external symbol "__declspec(dllimport) public: class sf::Vector2<float> const & __cdecl sf::RectangleShape::getSize(void)const " (__imp_?getSize@RectangleShape@sf@@QEBAAEBV?$Vector2@M@2@XZ) referenced in function "struct std::pair<int,int> __cdecl getCellIndex(class sf::Vector2<int>)" (?getCellIndex@@YA?AU?$pair@HH@std@@V?$Vector2@H@sf@@@Z)
mirror tr alone.obj : error LNK2019: unresolved external symbol "__declspec(dllimport) public: virtual __cdecl sf::RectangleShape::~RectangleShape(void)" (__imp_??1RectangleShape@sf@@UEAA@XZ) referenced in function "void __cdecl `dynamic initializer for 'grid''(void)" (??__Egrid@@YAXXZ)
mirror tr alone.obj : error LNK2019: unresolved external symbol "__declspec(dllimport) public: void __cdecl sf::RectangleShape::`default constructor closure'(void)" (__imp_??_FRectangleShape@sf@@QEAAXXZ) referenced in function "void __cdecl `dynamic initializer for 'grid''(void)" (??__Egrid@@YAXXZ)
mirror tr alone.obj : error LNK2019: unresolved external symbol "__declspec(dllimport) public: void __cdecl sf::RenderTarget::clear(class sf::Color const &)" (__imp_?clear@RenderTarget@sf@@QEAAXAEBVColor@2@@Z) referenced in function "void __cdecl boardDraw(void)" (?boardDraw@@YAXXZ)
mirror tr alone.obj : error LNK2019: unresolved external symbol "__declspec(dllimport) public: void __cdecl sf::RenderTarget::draw(class sf::Drawable const &,class sf::RenderStates const &)" (__imp_?draw@RenderTarget@sf@@QEAAXAEBVDrawable@2@AEBVRenderStates@2@@Z) referenced in function "void __cdecl boardDraw(void)" (?boardDraw@@YAXXZ)
mirror tr alone.obj : error LNK2019: unresolved external symbol "__declspec(dllimport) public: __cdecl sf::RenderWindow::RenderWindow(class sf::VideoMode,class sf::String const &,unsigned int,struct sf::ContextSettings const &)" (__imp_??0RenderWindow@sf@@QEAA@VVideoMode@1@AEBVString@1@IAEBUContextSettings@1@@Z) referenced in function "void __cdecl `dynamic initializer for 'window''(void)" (??__Ewindow@@YAXXZ)
mirror tr alone.obj : error LNK2019: unresolved external symbol "__declspec(dllimport) public: virtual __cdecl sf::RenderWindow::~RenderWindow(void)" (__imp_??1RenderWindow@sf@@UEAA@XZ) referenced in function "void __cdecl `dynamic atexit destructor for 'window''(void)" (??__Fwindow@@YAXXZ)
mirror tr alone.obj : error LNK2019: unresolved external symbol "__declspec(dllimport) public: __cdecl sf::Sprite::Sprite(void)" (__imp_??0Sprite@sf@@QEAA@XZ) referenced in function "void __cdecl `dynamic initializer for 'Blueplayer''(void)" (??__EBlueplayer@@YAXXZ)
piece.obj : error LNK2001: unresolved external symbol "__declspec(dllimport) public: __cdecl sf::Sprite::Sprite(void)" (__imp_??0Sprite@sf@@QEAA@XZ)
mirror tr alone.obj : error LNK2019: unresolved external symbol "__declspec(dllimport) public: void __cdecl sf::Sprite::setTexture(class sf::Texture const &,bool)" (__imp_?setTexture@Sprite@sf@@QEAAXAEBVTexture@2@_N@Z) referenced in function "void __cdecl start(void)" (?start@@YAXXZ)
piece.obj : error LNK2001: unresolved external symbol "__declspec(dllimport) public: void __cdecl sf::Sprite::setTexture(class sf::Texture const &,bool)" (__imp_?setTexture@Sprite@sf@@QEAAXAEBVTexture@2@_N@Z)
mirror tr alone.obj : error LNK2019: unresolved external symbol "__declspec(dllimport) public: virtual __cdecl sf::Sprite::~Sprite(void)" (__imp_??1Sprite@sf@@UEAA@XZ) referenced in function "void __cdecl `dynamic atexit destructor for 'Blueplayer''(void)" (??__FBlueplayer@@YAXXZ)
piece.obj : error LNK2001: unresolved external symbol "__declspec(dllimport) public: virtual __cdecl sf::Sprite::~Sprite(void)" (__imp_??1Sprite@sf@@UEAA@XZ)
mirror tr alone.obj : error LNK2019: unresolved external symbol "__declspec(dllimport) public: __cdecl sf::Text::Text(void)" (__imp_??0Text@sf@@QEAA@XZ) referenced in function "void __cdecl `dynamic initializer for 'text1''(void)" (??__Etext1@@YAXXZ)
mirror tr alone.obj : error LNK2019: unresolved external symbol "__declspec(dllimport) public: void __cdecl sf::Text::setString(class sf::String const &)" (__imp_?setString@Text@sf@@QEAAXAEBVString@2@@Z) referenced in function "void __cdecl start(void)" (?start@@YAXXZ)
mirror tr alone.obj : error LNK2019: unresolved external symbol "__declspec(dllimport) public: void __cdecl sf::Text::setFont(class sf::Font const &)" (__imp_?setFont@Text@sf@@QEAAXAEBVFont@2@@Z) referenced in function "void __cdecl start(void)" (?start@@YAXXZ)
mirror tr alone.obj : error LNK2019: unresolved external symbol "__declspec(dllimport) public: void __cdecl sf::Text::setStyle(unsigned int)" (__imp_?setStyle@Text@sf@@QEAAXI@Z) referenced in function "void __cdecl start(void)" (?start@@YAXXZ)
mirror tr alone.obj : error LNK2019: unresolved external symbol "__declspec(dllimport) public: void __cdecl sf::Text::setFillColor(class sf::Color const &)" (__imp_?setFillColor@Text@sf@@QEAAXAEBVColor@2@@Z) referenced in function "void __cdecl start(void)" (?start@@YAXXZ)
mirror tr alone.obj : error LNK2019: unresolved external symbol "__declspec(dllimport) public: virtual __cdecl sf::Text::~Text(void)" (__imp_??1Text@sf@@UEAA@XZ) referenced in function "void __cdecl `dynamic atexit destructor for 'text1''(void)" (??__Ftext1@@YAXXZ)
mirror tr alone.obj : error LNK2019: unresolved external symbol "__declspec(dllimport) public: static class sf::RenderStates const sf::RenderStates::Default" (__imp_?Default@RenderStates@sf@@2V12@B) referenced in function "void __cdecl boardDraw(void)" (?boardDraw@@YAXXZ)
mirror tr alone.obj : error LNK2019: unresolved external symbol "__declspec(dllimport) public: static class sf::Color const sf::Color::Black" (__imp_?Black@Color@sf@@2V12@B) referenced in function "void __cdecl start(void)" (?start@@YAXXZ)
mirror tr alone.obj : error LNK2019: unresolved external symbol "__declspec(dllimport) public: static class sf::Color const sf::Color::White" (__imp_?White@Color@sf@@2V12@B) referenced in function "void __cdecl start(void)" (?start@@YAXXZ)
mirror tr alone.obj : error LNK2019: unresolved external symbol "__declspec(dllimport) public: static class sf::Color const sf::Color::Red" (__imp_?Red@Color@sf@@2V12@B) referenced in function "void __cdecl start(void)" (?start@@YAXXZ)
mirror tr alone.obj : error LNK2019: unresolved external symbol "__declspec(dllimport) public: static class sf::Color const sf::Color::Green" (__imp_?Green@Color@sf@@2V12@B) referenced in function "void __cdecl index(class sf::Vector2<int>)" (?index@@YAXV?$Vector2@H@sf@@@Z)
piece.obj : error LNK2019: unresolved external symbol "__declspec(dllimport) public: class sf::Rect<float> __cdecl sf::Sprite::getLocalBounds(void)const " (__imp_?getLocalBounds@Sprite@sf@@QEBA?AV?$Rect@M@2@XZ) referenced in function "public: __cdecl piece::piece(class std::basic_string<char,struct std::char_traits<char>,class std::allocator<char> >,int,int,struct std::pair<int,int>)" (??0piece@@QEAA@V?$basic_string@DU?$char_traits@D@std@@V?$allocator@D@2@@std@@HHU?$pair@HH@2@@Z)
D:\mirror tr alone\external\sfml\lib\sfml-system-d.lib : warning LNK4272: library machine type 'x86' conflicts with target machine type 'x64'
D:\mirror tr alone\external\sfml\lib\sfml-window-d.lib : warning LNK4272: library machine type 'x86' conflicts with target machine type 'x64'
D:\mirror tr alone\external\sfml\lib\sfml-graphics-d.lib : warning LNK4272: library machine type 'x86' conflicts with target machine type 'x64'
D:\mirror tr alone\external\sfml\lib\sfml-audio-d.lib : warning LNK4272: library machine type 'x86' conflicts with target machine type 'x64'
D:\mirror tr alone\external\sfml\lib\sfml-network-d.lib : warning LNK4272: library machine type 'x86' conflicts with target machine type 'x64'
D:\mirror tr alone\x64\Debug\Game Project.exe : fatal error LNK1120: 50 unresolved externals
